2025-12-12 18:33:53 [error]: PrismaClientConstructorValidationError: Unknown property datasourceUrl provided to PrismaClient constructor.
Read more at https://pris.ly/d/client-constructor
    at validatePrismaClientOptions (D:\Resinwerks\node_modules\@prisma\client\src\runtime\utils\validatePrismaClientOptions.ts:239:13)
    at new t (D:\Resinwerks\node_modules\@prisma\client\src\runtime\getPrismaClient.ts:281:7)
    at new DatabaseService (D:\Resinwerks\src\db\db.service.ts:14:19)
    at DatabaseService.getInstance (D:\Resinwerks\src\db\db.service.ts:24:34)
    at Object.<anonymous> (D:\Resinwerks\src\db\db.service.ts:198:35)
    at Module._compile (node:internal/modules/cjs/loader:1760:14)
    at Module.m._compile (D:\Resinwerks\node_modules\ts-node\src\index.ts:1618:23)
    at node:internal/modules/cjs/loader:1893:10
    at Object.require.extensions.<computed> [as .ts] (D:\Resinwerks\node_modules\ts-node\src\index.ts:1621:12)
    at Module.load (node:internal/modules/cjs/loader:1480:32)
2025-12-12 18:34:34 [error]: PrismaClientConstructorValidationError: Using engine type "client" requires either "adapter" or "accelerateUrl" to be provided to PrismaClient constructor.
Read more at https://pris.ly/d/client-constructor
    at validateDependentOptions (D:\Resinwerks\node_modules\@prisma\client\src\runtime\utils\validatePrismaClientOptions.ts:229:11)
    at validatePrismaClientOptions (D:\Resinwerks\node_modules\@prisma\client\src\runtime\utils\validatePrismaClientOptions.ts:246:3)
    at new t (D:\Resinwerks\node_modules\@prisma\client\src\runtime\getPrismaClient.ts:281:7)
    at new DatabaseService (D:\Resinwerks\src\db\db.service.ts:9:19)
    at DatabaseService.getInstance (D:\Resinwerks\src\db\db.service.ts:18:34)
    at Object.<anonymous> (D:\Resinwerks\src\db\db.service.ts:192:35)
    at Module._compile (node:internal/modules/cjs/loader:1760:14)
    at Module.m._compile (D:\Resinwerks\node_modules\ts-node\src\index.ts:1618:23)
    at node:internal/modules/cjs/loader:1893:10
    at Object.require.extensions.<computed> [as .ts] (D:\Resinwerks\node_modules\ts-node\src\index.ts:1621:12)
2025-12-12 18:38:54 [error]: PrismaClientConstructorValidationError: Using engine type "client" requires either "adapter" or "accelerateUrl" to be provided to PrismaClient constructor.
Read more at https://pris.ly/d/client-constructor
    at validateDependentOptions (D:\Resinwerks\node_modules\@prisma\client\src\runtime\utils\validatePrismaClientOptions.ts:229:11)
    at validatePrismaClientOptions (D:\Resinwerks\node_modules\@prisma\client\src\runtime\utils\validatePrismaClientOptions.ts:246:3)
    at new t (D:\Resinwerks\node_modules\@prisma\client\src\runtime\getPrismaClient.ts:281:7)
    at new DatabaseService (D:\Resinwerks\src\db\db.service.ts:9:19)
    at DatabaseService.getInstance (D:\Resinwerks\src\db\db.service.ts:18:34)
    at Object.<anonymous> (D:\Resinwerks\src\db\db.service.ts:192:35)
    at Module._compile (node:internal/modules/cjs/loader:1760:14)
    at Module.m._compile (D:\Resinwerks\node_modules\ts-node\src\index.ts:1618:23)
    at node:internal/modules/cjs/loader:1893:10
    at Object.require.extensions.<computed> [as .ts] (D:\Resinwerks\node_modules\ts-node\src\index.ts:1621:12)
2025-12-12 18:40:28 [error]: PrismaClientConstructorValidationError: Using engine type "client" requires either "adapter" or "accelerateUrl" to be provided to PrismaClient constructor.
Read more at https://pris.ly/d/client-constructor
    at validateDependentOptions (D:\Resinwerks\node_modules\@prisma\client\src\runtime\utils\validatePrismaClientOptions.ts:229:11)
    at validatePrismaClientOptions (D:\Resinwerks\node_modules\@prisma\client\src\runtime\utils\validatePrismaClientOptions.ts:246:3)
    at new t (D:\Resinwerks\node_modules\@prisma\client\src\runtime\getPrismaClient.ts:281:7)
    at new DatabaseService (D:\Resinwerks\src\db\db.service.ts:9:19)
    at DatabaseService.getInstance (D:\Resinwerks\src\db\db.service.ts:18:34)
    at Object.<anonymous> (D:\Resinwerks\src\db\db.service.ts:192:35)
    at Module._compile (node:internal/modules/cjs/loader:1760:14)
    at Module.m._compile (D:\Resinwerks\node_modules\ts-node\src\index.ts:1618:23)
    at node:internal/modules/cjs/loader:1893:10
    at Object.require.extensions.<computed> [as .ts] (D:\Resinwerks\node_modules\ts-node\src\index.ts:1621:12)
2025-12-12 18:40:41 [error]: PrismaClientConstructorValidationError: Using engine type "client" requires either "adapter" or "accelerateUrl" to be provided to PrismaClient constructor.
Read more at https://pris.ly/d/client-constructor
    at validateDependentOptions (D:\Resinwerks\node_modules\@prisma\client\src\runtime\utils\validatePrismaClientOptions.ts:229:11)
    at validatePrismaClientOptions (D:\Resinwerks\node_modules\@prisma\client\src\runtime\utils\validatePrismaClientOptions.ts:246:3)
    at new t (D:\Resinwerks\node_modules\@prisma\client\src\runtime\getPrismaClient.ts:281:7)
    at new DatabaseService (D:\Resinwerks\src\db\db.service.ts:9:19)
    at DatabaseService.getInstance (D:\Resinwerks\src\db\db.service.ts:18:34)
    at Object.<anonymous> (D:\Resinwerks\src\db\db.service.ts:192:35)
    at Module._compile (node:internal/modules/cjs/loader:1760:14)
    at Module.m._compile (D:\Resinwerks\node_modules\ts-node\src\index.ts:1618:23)
    at node:internal/modules/cjs/loader:1893:10
    at Object.require.extensions.<computed> [as .ts] (D:\Resinwerks\node_modules\ts-node\src\index.ts:1621:12)
2025-12-12 18:40:55 [error]: PrismaClientConstructorValidationError: Using engine type "client" requires either "adapter" or "accelerateUrl" to be provided to PrismaClient constructor.
Read more at https://pris.ly/d/client-constructor
    at validateDependentOptions (D:\Resinwerks\node_modules\@prisma\client\src\runtime\utils\validatePrismaClientOptions.ts:229:11)
    at validatePrismaClientOptions (D:\Resinwerks\node_modules\@prisma\client\src\runtime\utils\validatePrismaClientOptions.ts:246:3)
    at new t (D:\Resinwerks\node_modules\@prisma\client\src\runtime\getPrismaClient.ts:281:7)
    at new DatabaseService (D:\Resinwerks\src\db\db.service.ts:9:19)
    at DatabaseService.getInstance (D:\Resinwerks\src\db\db.service.ts:18:34)
    at Object.<anonymous> (D:\Resinwerks\src\db\db.service.ts:192:35)
    at Module._compile (node:internal/modules/cjs/loader:1760:14)
    at Module.m._compile (D:\Resinwerks\node_modules\ts-node\src\index.ts:1618:23)
    at node:internal/modules/cjs/loader:1893:10
    at Object.require.extensions.<computed> [as .ts] (D:\Resinwerks\node_modules\ts-node\src\index.ts:1621:12)
